<?xml version="1.0" encoding="UTF-8"?>
<testsuite xmlns:xsi="http://www.w3.org/2001/XMLSchema-instance" xsi:noNamespaceSchemaLocation="https://maven.apache.org/surefire/maven-surefire-plugin/xsd/surefire-test-report-3.0.xsd" version="3.0" name="runners.TestRunner" time="133.808" tests="1" errors="0" skipped="0" failures="0">
  <properties>
[...]
</properties>
  <testcase name="Extract and sort Van Heusen discounted T-shirts by highest discount" classname="To Scrape Van Heusen discounted T-shirts on Myntra" time="133.484">
    <system-out><![CDATA[
Scenario: Extract and sort Van Heusen discounted T-shirts by highest discount # src/test/resources/features/myntra_scraper.feature:3
  Given I navigate to "https://www.myntra.com"                                # steps.MyntraScraperSteps.NavigateToUrl(java.lang.String)
  When I select the "Men" category                                            # steps.MyntraScraperSteps.SelectCategory(java.lang.String)
  And I filter by type "Tshirts"                                              # steps.MyntraScraperSteps.FilterByType(java.lang.String)
  And I filter by brand "Van Heusen"                                          # steps.MyntraScraperSteps.FilterByBrand(java.lang.String)
  Then I extract the discounted T-shirts data                                 # steps.MyntraScraperSteps.ExtractDiscountedTshirts()
  Then I sort the tshirts by highest discount                                 # steps.MyntraScraperSteps.SortDiscountedTshirts()
DISCOUNTS FOR BRAND: Van Heusen
*****************************
Discounted Price: Rs. 439
Original Price: Rs. 1099
Discount: (60% OFF)
Link: https://www.myntra.com/tshirts/urbano+fashion/urbano-fashion-men-teal-green-slim-fit-tropical-printed-pure-cotton-t-shirt/12377258/buy
*****************************
Discounted Price: Rs. 674
Original Price: Rs. 1499
Discount: (55% OFF)
Link: https://www.myntra.com/tshirts/being+human/being-human-pure-cotton-polo-collar-t-shirt/31302052/buy
*****************************
Discounted Price: Rs. 1616
Original Price: Rs. 3299
Discount: (51% OFF)
Link: https://www.myntra.com/tshirts/rare+rabbit/rare-rabbit-men-polo-collarsolid-regular-fit--t-shirt/30097180/buy
*****************************
Discounted Price: Rs. 1784
Original Price: Rs. 3499
Discount: (49% OFF)
Link: https://www.myntra.com/tshirts/rare+rabbit/rare-rabbit-men-ark-regular-fit-polo-collar-t-shirt/29875019/buy
*****************************
Discounted Price: Rs. 1379
Original Price: Rs. 2299
Discount: (40% OFF)
Link: https://www.myntra.com/tshirts/van+heusen/van-heusen-men-polo-collar-pockets-t-shirt/28117084/buy
*****************************
Discounted Price: Rs. 1379
Original Price: Rs. 2299
Discount: (40% OFF)
Link: https://www.myntra.com/tshirts/van+heusen/van-heusen-men-polo-collar-pockets-t-shirt/28117084/buy
*****************************
Discounted Price: Rs. 805
Original Price: Rs. 1299
Discount: (38% OFF)
Link: https://www.myntra.com/tshirts/the+souled+store/the-souled-store-men-graphic-naruto-printed-cotton-oversized-fit-t-shirt/30118020/buy
*****************************
Discounted Price: Rs. 1494
Original Price: Rs. 2299
Discount: (35% OFF)
Link: https://www.myntra.com/tshirts/van+heusen/van-heusen-men-printed-polo-collar-pockets-t-shirt/27982216/buy
*****************************
Discounted Price: Rs. 736
Original Price: Rs. 1099
Discount: (33% OFF)
Link: https://www.myntra.com/tshirts/manlino/manlino-unisex-printed-drop-shoulder-sleeves-pockets-t-shirt/31714333/buy
*****************************
Discounted Price: Rs. 497
Original Price: Rs. 599
Discount: (17% OFF)
Link: https://www.myntra.com/tshirts/van+heusen/van-heusen-men-solid-round-neck-t-shirt/30104756/buy
*****************************
Discounted Price: Rs. 533
Original Price: Rs. 599
Discount: (11% OFF)
Link: https://www.myntra.com/lounge-tshirts/van+heusen/van-heusen-men-crew-neck-short-sleeve-t-shirt/21366412/buy
*****************************
Discounted Price: Rs. 595
Original Price: Rs. 669
Discount: (11% OFF)
Link: https://www.myntra.com/lounge-tshirts/van+heusen/van-heusen-athleisure-solid-smart-tech-easy-stain-release-t-shirt/16202750/buy
*****************************
Discounted Price: Rs. 533
Original Price: Rs. 599
Discount: (11% OFF)
Link: https://www.myntra.com/lounge-tshirts/van+heusen/van-heusen-men-crew-neck-short-sleeve-t-shirt/21366412/buy
*****************************
Discounted Price: Rs. 595
Original Price: Rs. 669
Discount: (11% OFF)
Link: https://www.myntra.com/lounge-tshirts/van+heusen/van-heusen-athleisure-solid-smart-tech-easy-stain-release-t-shirt/16202750/buy
*****************************
Discounted Price: Rs. 620
Original Price: Rs. 689
Discount: (10% OFF)
Link: https://www.myntra.com/lounge-tshirts/van+heusen/van-heusen-athleisure-solid-smart-tech-easy-stain-release-pure-cotton-lounge-t-shirt/15381790/buy
*****************************
Discounted Price: Rs. 602
Original Price: Rs. 669
Discount: (10% OFF)
Link: https://www.myntra.com/lounge-tshirts/van+heusen/van-heusen-athleisure-solid-smart-tech-easy-stain-release-pure-cotton-lounge-t-shirt/15381440/buy
*****************************
Discounted Price: Rs. 3239
Original Price: Rs. 3599
Discount: (10% OFF)
Link: https://www.myntra.com/tshirts/van+heusen/van-heusen-men-striped-polo-collar-t-shirt/31792467/buy
*****************************
Discounted Price: Rs. 2519
Original Price: Rs. 2799
Discount: (10% OFF)
Link: https://www.myntra.com/tshirts/van+heusen/van-heusen-men-floral-printed-polo-collar-pockets-t-shirt/31598656/buy
*****************************
Discounted Price: Rs. 602
Original Price: Rs. 669
Discount: (10% OFF)
Link: https://www.myntra.com/lounge-tshirts/van+heusen/van-heusen-athleisure-cotton-smart-tech-easy-stain-release-t-shirt/15734676/buy
*****************************
Discounted Price: Rs. 620
Original Price: Rs. 689
Discount: (10% OFF)
Link: https://www.myntra.com/lounge-tshirts/van+heusen/van-heusen-athleisure-solid-smart-tech-easy-stain-release-pure-cotton-lounge-t-shirt/15381790/buy
*****************************
Discounted Price: Rs. 602
Original Price: Rs. 669
Discount: (10% OFF)
Link: https://www.myntra.com/lounge-tshirts/van+heusen/van-heusen-athleisure-solid-smart-tech-easy-stain-release-pure-cotton-lounge-t-shirt/15381440/buy
*****************************
Discounted Price: Rs. 3239
Original Price: Rs. 3599
Discount: (10% OFF)
Link: https://www.myntra.com/tshirts/van+heusen/van-heusen-men-striped-polo-collar-t-shirt/31792467/buy
*****************************
Discounted Price: Rs. 736
Original Price: Rs. 1099
Discount: (6% OFF)
Link: https://www.myntra.com/lounge-tshirts/van+heusen/van-heusen-men-pure-cotton-lounge-tshirts/21366428/buy
*****************************
Discounted Price: Rs. 563
Original Price: Rs. 599
Discount: (6% OFF)
Link: https://www.myntra.com/lounge-tshirts/van+heusen/van-heusen-men-pure-cotton-lounge-tshirt/21366402/buy
*****************************
Discounted Price: Rs. 591
Original Price: Rs. 629
Discount: (6% OFF)
Link: https://www.myntra.com/lounge-tshirts/van+heusen/van-heusen-solid-crew-neck-short-sleeve-t-shirt/21366406/buy
*****************************
Discounted Price: Rs. 1080
Original Price: Rs. 1149
Discount: (6% OFF)
Link: https://www.myntra.com/lounge-tshirts/van+heusen/van-heusen-colour-fresh-moisture-wicking-polo-t-shirt/15672296/buy
*****************************
Discounted Price: Rs. 591
Original Price: Rs. 629
Discount: (6% OFF)
Link: https://www.myntra.com/lounge-tshirts/van+heusen/van-heusen-solid-crew-neck-short-sleeve-t-shirt/21366410/buy
*****************************
Discounted Price: Rs. 1080
Original Price: Rs. 1149
Discount: (6% OFF)
Link: https://www.myntra.com/lounge-tshirts/van+heusen/van-heusen-athleisure-pure-cotton-slim-fit-quick-dry-polo-t-shirt/15672480/buy
*****************************
Discounted Price: Rs. 563
Original Price: Rs. 599
Discount: (6% OFF)
Link: https://www.myntra.com/lounge-tshirts/van+heusen/van-heusen-men-pure-cotton-lounge-tshirt/21366418/buy
*****************************
Discounted Price: Rs. 563
Original Price: Rs. 599
Discount: (6% OFF)
Link: https://www.myntra.com/lounge-tshirts/van+heusen/van-heusen-men-pure-cotton-lounge-tshirts/21366428/buy
*****************************
Discounted Price: Rs. 563
Original Price: Rs. 599
Discount: (6% OFF)
Link: https://www.myntra.com/lounge-tshirts/van+heusen/van-heusen-men-pure-cotton-lounge-tshirt/21366402/buy
*****************************
Discounted Price: Rs. 591
Original Price: Rs. 629
Discount: (6% OFF)
Link: https://www.myntra.com/lounge-tshirts/van+heusen/van-heusen-solid-crew-neck-short-sleeve-t-shirt/21366406/buy
*****************************
Discounted Price: Rs. 379
Original Price: Rs. 399
Discount: (5% OFF)
Link: https://www.myntra.com/tshirts/van+heusen/van-heusen-moisture-wicking-ultra-soft-vest/10548342/buy
*****************************
Discounted Price: Rs. 1286
Original Price: Rs. 1299
Discount: (1% OFF)
Link: https://www.myntra.com/lounge-tshirts/van+heusen/van-heusen-men-green-solid-varsity-inspired-short-sleeve-polo-t-shirt/15672294/buy
*****************************
Discounted Price: Rs. 1137
Original Price: Rs. 1149
Discount: (1% OFF)
Link: https://www.myntra.com/lounge-tshirts/van+heusen/van-heusen-athleisure-men-solid-colour-fresh-quick-dry-polo-t-shirt/15672698/buy
*****************************
Total number of T-shirts: 35
  Then I print the sorted data to the console                                 # steps.MyntraScraperSteps.DisplaySortedData()
]]></system-out>
    <system-err><![CDATA[Error extracting discounted T-shirts: Error {
  message='Timeout 30000ms exceeded.
  name='TimeoutError
  stack='TimeoutError: Timeout 30000ms exceeded.
    at ProgressController.run (C:\Users\KIIT\AppData\Local\Temp\playwright-java-441246053501940419\package\lib\server\progress.js:78:26)
    at Frame._callOnElementOnceMatches (C:\Users\KIIT\AppData\Local\Temp\playwright-java-441246053501940419\package\lib\server\frames.js:1434:23)
    at Frame.textContent (C:\Users\KIIT\AppData\Local\Temp\playwright-java-441246053501940419\package\lib\server\frames.js:1074:17)
    at FrameDispatcher.textContent (C:\Users\KIIT\AppData\Local\Temp\playwright-java-441246053501940419\package\lib\server\dispatchers\frameDispatcher.js:178:37)
    at FrameDispatcher._handleCommand (C:\Users\KIIT\AppData\Local\Temp\playwright-java-441246053501940419\package\lib\server\dispatchers\dispatcher.js:94:40)
    at DispatcherConnection.dispatch (C:\Users\KIIT\AppData\Local\Temp\playwright-java-441246053501940419\package\lib\server\dispatchers\dispatcher.js:361:39)
}
Call log:
- waiting for locator(".product-base").nth(25).locator(".product-discountedPrice")

]]></system-err>
  </testcase>
</testsuite>